<?xml version="1.0" encoding="UTF-8"?>
<!-- Generated by org.testng.reporters.JUnitReportReporter -->
<testsuite hostname="Roshmikas-MacBook-Pro.local" name="com.facebook.test.LoginTest" tests="2" failures="0" timestamp="29 Jul 2019 22:19:35 GMT" time="0.686" errors="0">
  <testcase name="checkValidLogin" time="0.438" classname="com.facebook.test.LoginTest"/>
  <testcase name="checkValidLogin" time="0.248" classname="com.facebook.test.LoginTest"/>
</testsuite> <!-- com.facebook.test.LoginTest -->
